<?xml version="1.0" encoding="UTF-8"?>
<!-- Generated by org.testng.reporters.JUnitReportReporter -->
<testsuite hostname="DESKTOP-MP221OI" failures="0" tests="1" name="com.TestNG.HomePageTest" time="43.899" errors="0" timestamp="2022-03-28T23:44:24 IST" skipped="0">
  <testcase classname="com.TestNG.HomePageTest" name="clickOnSearch" time="43.899"/>
  <system-out/>
</testsuite> <!-- com.TestNG.HomePageTest -->
